<?xml version="1.0" encoding="UTF-8"?>
<testng-results skipped="0" failed="0" ignored="0" total="1" passed="1">
  <reporter-output>
  </reporter-output>
  <suite name="Surefire suite" duration-ms="11397" started-at="2020-06-22T15:18:45Z" finished-at="2020-06-22T15:18:57Z">
    <groups>
    </groups>
    <test name="Surefire test" duration-ms="11397" started-at="2020-06-22T15:18:45Z" finished-at="2020-06-22T15:18:57Z">
      <class name="SampleTest.Sample.LoginTest">
        <test-method status="PASS" signature="setup()[pri:0, instance:SampleTest.Sample.LoginTest@36d64342]" name="setup" is-config="true" duration-ms="7717" started-at="2020-06-22T15:18:45Z" finished-at="2020-06-22T15:18:53Z">
          <reporter-output>
          </reporter-output>
        </test-method> <!-- setup -->
        <test-method status="PASS" signature="test()[pri:0, instance:SampleTest.Sample.LoginTest@36d64342]" name="test" duration-ms="2570" started-at="2020-06-22T15:18:53Z" finished-at="2020-06-22T15:18:56Z">
          <reporter-output>
          </reporter-output>
        </test-method> <!-- test -->
        <test-method status="PASS" signature="teardown()[pri:0, instance:SampleTest.Sample.LoginTest@36d64342]" name="teardown" is-config="true" duration-ms="1092" started-at="2020-06-22T15:18:56Z" finished-at="2020-06-22T15:18:57Z">
          <reporter-output>
          </reporter-output>
        </test-method> <!-- teardown -->
      </class> <!-- SampleTest.Sample.LoginTest -->
    </test> <!-- Surefire test -->
  </suite> <!-- Surefire suite -->
</testng-results>
